<?xml version="1.0" encoding="UTF-8"?>
<testng-results ignored="0" total="5" passed="4" failed="1" skipped="0">
  <reporter-output>
  </reporter-output>
  <suite started-at="2024-08-30T13:53:30 IST" name="Github_APi_Suite" finished-at="2024-08-30T13:53:43 IST" duration-ms="13064">
    <groups>
    </groups>
    <test started-at="2024-08-30T13:53:30 IST" name="Github_Api_Test" finished-at="2024-08-30T13:53:43 IST" duration-ms="13064">
      <class name="Github_API_Automation">
        <test-method signature="NoTokenProvided()[pri:0, instance:Github_API_Automation@2d9d4f9d]" started-at="2024-08-30T13:53:30 IST" name="NoTokenProvided" finished-at="2024-08-30T13:53:37 IST" duration-ms="6892" status="PASS">
          <reporter-output>
          </reporter-output>
        </test-method> <!-- NoTokenProvided -->
        <test-method is-config="true" signature="addResultsToTestRail(org.testng.ITestResult)[pri:0, instance:Github_API_Automation@2d9d4f9d]" started-at="2024-08-30T13:53:37 IST" name="addResultsToTestRail" finished-at="2024-08-30T13:53:39 IST" duration-ms="1791" status="PASS">
          <params>
            <param index="0">
              <value>
                <![CDATA[[TestResult name=NoTokenProvided status=SUCCESS method=Github_API_Automation.NoTokenProvided()[pri:0, instance:Github_API_Automation@2d9d4f9d] output={null}]]]>
              </value>
            </param>
          </params>
          <reporter-output>
          </reporter-output>
        </test-method> <!-- addResultsToTestRail -->
        <test-method signature="InvalidTokenProvided()[pri:0, instance:Github_API_Automation@2d9d4f9d]" started-at="2024-08-30T13:53:39 IST" name="InvalidTokenProvided" finished-at="2024-08-30T13:53:40 IST" duration-ms="517" status="PASS">
          <reporter-output>
          </reporter-output>
        </test-method> <!-- InvalidTokenProvided -->
        <test-method is-config="true" signature="addResultsToTestRail(org.testng.ITestResult)[pri:0, instance:Github_API_Automation@2d9d4f9d]" started-at="2024-08-30T13:53:40 IST" name="addResultsToTestRail" finished-at="2024-08-30T13:53:40 IST" duration-ms="503" status="PASS">
          <params>
            <param index="0">
              <value>
                <![CDATA[[TestResult name=InvalidTokenProvided status=SUCCESS method=Github_API_Automation.InvalidTokenProvided()[pri:0, instance:Github_API_Automation@2d9d4f9d] output={null}]]]>
              </value>
            </param>
          </params>
          <reporter-output>
          </reporter-output>
        </test-method> <!-- addResultsToTestRail -->
        <test-method signature="ForbiddcenTokenProvided()[pri:0, instance:Github_API_Automation@2d9d4f9d]" started-at="2024-08-30T13:53:40 IST" name="ForbiddcenTokenProvided" finished-at="2024-08-30T13:53:41 IST" duration-ms="430" status="FAIL">
          <exception class="java.lang.AssertionError">
            <message>
              <![CDATA[response status code is unexpected as401 expected [403] but found [401]]]>
            </message>
            <full-stacktrace>
              <![CDATA[java.lang.AssertionError: response status code is unexpected as401 expected [403] but found [401]
at org.testng.Assert.fail(Assert.java:110)
at org.testng.Assert.failNotEquals(Assert.java:1413)
at org.testng.Assert.assertEqualsImpl(Assert.java:149)
at org.testng.Assert.assertEquals(Assert.java:131)
at org.testng.Assert.assertEquals(Assert.java:1240)
at Github_API_Automation.ForbiddcenTokenProvided(Github_API_Automation.java:58)
at java.base/jdk.internal.reflect.NativeMethodAccessorImpl.invoke0(Native Method)
at java.base/jdk.internal.reflect.NativeMethodAccessorImpl.invoke(NativeMethodAccessorImpl.java:62)
at java.base/jdk.internal.reflect.DelegatingMethodAccessorImpl.invoke(DelegatingMethodAccessorImpl.java:43)
at java.base/java.lang.reflect.Method.invoke(Method.java:567)
at org.testng.internal.invokers.MethodInvocationHelper.invokeMethod(MethodInvocationHelper.java:139)
at org.testng.internal.invokers.TestInvoker.invokeMethod(TestInvoker.java:677)
at org.testng.internal.invokers.TestInvoker.invokeTestMethod(TestInvoker.java:221)
at org.testng.internal.invokers.MethodRunner.runInSequence(MethodRunner.java:50)
at org.testng.internal.invokers.TestInvoker$MethodInvocationAgent.invoke(TestInvoker.java:969)
at org.testng.internal.invokers.TestInvoker.invokeTestMethods(TestInvoker.java:194)
at org.testng.internal.invokers.TestMethodWorker.invokeTestMethods(TestMethodWorker.java:148)
at org.testng.internal.invokers.TestMethodWorker.run(TestMethodWorker.java:128)
at java.base/java.util.ArrayList.forEach(ArrayList.java:1507)
at org.testng.TestRunner.privateRun(TestRunner.java:829)
at org.testng.TestRunner.run(TestRunner.java:602)
at org.testng.SuiteRunner.runTest(SuiteRunner.java:437)
at org.testng.SuiteRunner.runSequentially(SuiteRunner.java:431)
at org.testng.SuiteRunner.privateRun(SuiteRunner.java:391)
at org.testng.SuiteRunner.run(SuiteRunner.java:330)
at org.testng.SuiteRunnerWorker.runSuite(SuiteRunnerWorker.java:52)
at org.testng.SuiteRunnerWorker.run(SuiteRunnerWorker.java:95)
at org.testng.TestNG.runSuitesSequentially(TestNG.java:1256)
at org.testng.TestNG.runSuitesLocally(TestNG.java:1176)
at org.testng.TestNG.runSuites(TestNG.java:1099)
at org.testng.TestNG.run(TestNG.java:1067)
at com.intellij.rt.testng.IDEARemoteTestNG.run(IDEARemoteTestNG.java:66)
at com.intellij.rt.testng.RemoteTestNGStarter.main(RemoteTestNGStarter.java:105)
]]>
            </full-stacktrace>
          </exception> <!-- java.lang.AssertionError -->
          <reporter-output>
          </reporter-output>
        </test-method> <!-- ForbiddcenTokenProvided -->
        <test-method is-config="true" signature="addResultsToTestRail(org.testng.ITestResult)[pri:0, instance:Github_API_Automation@2d9d4f9d]" started-at="2024-08-30T13:53:41 IST" name="addResultsToTestRail" finished-at="2024-08-30T13:53:41 IST" duration-ms="623" status="PASS">
          <params>
            <param index="0">
              <value>
                <![CDATA[[TestResult name=ForbiddcenTokenProvided status=FAILURE method=Github_API_Automation.ForbiddcenTokenProvided()[pri:0, instance:Github_API_Automation@2d9d4f9d] output={null}]]]>
              </value>
            </param>
          </params>
          <reporter-output>
          </reporter-output>
        </test-method> <!-- addResultsToTestRail -->
        <test-method signature="GetUserValidUserToken()[pri:0, instance:Github_API_Automation@2d9d4f9d]" started-at="2024-08-30T13:53:41 IST" name="GetUserValidUserToken" finished-at="2024-08-30T13:53:42 IST" duration-ms="449" status="PASS">
          <reporter-output>
          </reporter-output>
        </test-method> <!-- GetUserValidUserToken -->
        <test-method is-config="true" signature="addResultsToTestRail(org.testng.ITestResult)[pri:0, instance:Github_API_Automation@2d9d4f9d]" started-at="2024-08-30T13:53:42 IST" name="addResultsToTestRail" finished-at="2024-08-30T13:53:42 IST" duration-ms="494" status="PASS">
          <params>
            <param index="0">
              <value>
                <![CDATA[[TestResult name=GetUserValidUserToken status=SUCCESS method=Github_API_Automation.GetUserValidUserToken()[pri:0, instance:Github_API_Automation@2d9d4f9d] output={null}]]]>
              </value>
            </param>
          </params>
          <reporter-output>
          </reporter-output>
        </test-method> <!-- addResultsToTestRail -->
        <test-method signature="UpdateUserBioWithValidUserToken()[pri:0, instance:Github_API_Automation@2d9d4f9d]" started-at="2024-08-30T13:53:42 IST" name="UpdateUserBioWithValidUserToken" finished-at="2024-08-30T13:53:43 IST" duration-ms="622" status="PASS">
          <reporter-output>
          </reporter-output>
        </test-method> <!-- UpdateUserBioWithValidUserToken -->
        <test-method is-config="true" signature="addResultsToTestRail(org.testng.ITestResult)[pri:0, instance:Github_API_Automation@2d9d4f9d]" started-at="2024-08-30T13:53:43 IST" name="addResultsToTestRail" finished-at="2024-08-30T13:53:43 IST" duration-ms="552" status="PASS">
          <params>
            <param index="0">
              <value>
                <![CDATA[[TestResult name=UpdateUserBioWithValidUserToken status=SUCCESS method=Github_API_Automation.UpdateUserBioWithValidUserToken()[pri:0, instance:Github_API_Automation@2d9d4f9d] output={null}]]]>
              </value>
            </param>
          </params>
          <reporter-output>
          </reporter-output>
        </test-method> <!-- addResultsToTestRail -->
      </class> <!-- Github_API_Automation -->
    </test> <!-- Github_Api_Test -->
  </suite> <!-- Github_APi_Suite -->
</testng-results>
